# JRE version: Java(TM) SE Runtime Environment (8.0_91-b14) (build 1.8.0_91-b14)
# Java VM: Java HotSpot(TM) 64-Bit Server VM (25.91-b14 mixed mode windows-amd64 compressed oops)
Heap:
 PSYoungGen      total 173568K, used 21202K [0x00000000d6100000, 0x00000000ed780000, 0x0000000100000000)
  eden space 173056K, 12% used [0x00000000d6100000,0x00000000d7558a60,0x00000000e0a00000)
  from space 512K, 71% used [0x00000000ed700000,0x00000000ed75c010,0x00000000ed780000)
  to   space 9728K, 0% used [0x00000000ec480000,0x00000000ec480000,0x00000000ece00000)
 ParOldGen       total 89088K, used 33256K [0x0000000082200000, 0x0000000087900000, 0x00000000d6100000)
  object space 89088K, 37% used [0x0000000082200000,0x000000008427a150,0x0000000087900000)
 Metaspace       used 46053K, capacity 48406K, committed 50688K, reserved 1093632K
  class space    used 6119K, capacity 6538K, committed 6912K, reserved 1048576K
GC Heap History (10 events):
Event: 9683.711 GC heap before
{Heap before GC invocations=58 (full 12):
 PSYoungGen      total 213504K, used 213474K [0x00000000d6100000, 0x00000000eed00000, 0x0000000100000000)
  eden space 207872K, 100% used [0x00000000d6100000,0x00000000e2c00000,0x00000000e2c00000)
  from space 5632K, 99% used [0x00000000ee200000,0x00000000ee778b40,0x00000000ee780000)
  to   space 5632K, 0% used [0x00000000ee780000,0x00000000ee780000,0x00000000eed00000)
 ParOldGen       total 89088K, used 27910K [0x0000000082200000, 0x0000000087900000, 0x00000000d6100000)
  object space 89088K, 31% used [0x0000000082200000,0x0000000083d41b10,0x0000000087900000)
 Metaspace       used 46052K, capacity 48406K, committed 50688K, reserved 1093632K
  class space    used 6118K, capacity 6538K, committed 6912K, reserved 1048576K
Event: 9683.716 GC heap after
Heap after GC invocations=58 (full 12):
 PSYoungGen      total 205824K, used 5602K [0x00000000d6100000, 0x00000000eed00000, 0x0000000100000000)
  eden space 200192K, 0% used [0x00000000d6100000,0x00000000d6100000,0x00000000e2480000)
  from space 5632K, 99% used [0x00000000ee780000,0x00000000eecf8b40,0x00000000eed00000)
  to   space 7680K, 0% used [0x00000000ede00000,0x00000000ede00000,0x00000000ee580000)
 ParOldGen       total 89088K, used 27934K [0x0000000082200000, 0x0000000087900000, 0x00000000d6100000)
  object space 89088K, 31% used [0x0000000082200000,0x0000000083d47b10,0x0000000087900000)
 Metaspace       used 46052K, capacity 48406K, committed 50688K, reserved 1093632K
  class space    used 6118K, capacity 6538K, committed 6912K, reserved 1048576K
}
Event: 9933.623 GC heap before
{Heap before GC invocations=59 (full 12):
 PSYoungGen      total 205824K, used 205794K [0x00000000d6100000, 0x00000000eed00000, 0x0000000100000000)
  eden space 200192K, 100% used [0x00000000d6100000,0x00000000e2480000,0x00000000e2480000)
  from space 5632K, 99% used [0x00000000ee780000,0x00000000eecf8b40,0x00000000eed00000)
  to   space 7680K, 0% used [0x00000000ede00000,0x00000000ede00000,0x00000000ee580000)
 ParOldGen       total 89088K, used 27934K [0x0000000082200000, 0x0000000087900000, 0x00000000d6100000)
  object space 89088K, 31% used [0x0000000082200000,0x0000000083d47b10,0x0000000087900000)
 Metaspace       used 46052K, capacity 48406K, committed 50688K, reserved 1093632K
  class space    used 6118K, capacity 6538K, committed 6912K, reserved 1048576K
Event: 9934.024 GC heap after
Heap after GC invocations=59 (full 12):
 PSYoungGen      total 193536K, used 192K [0x00000000d6100000, 0x00000000ee800000, 0x0000000100000000)
  eden space 193024K, 0% used [0x00000000d6100000,0x00000000d6100000,0x00000000e1d80000)
  from space 512K, 37% used [0x00000000ede00000,0x00000000ede30000,0x00000000ede80000)
  to   space 8704K, 0% used [0x00000000edf80000,0x00000000edf80000,0x00000000ee800000)
 ParOldGen       total 89088K, used 33224K [0x0000000082200000, 0x0000000087900000, 0x00000000d6100000)
  object space 89088K, 37% used [0x0000000082200000,0x0000000084272150,0x0000000087900000)
 Metaspace       used 46052K, capacity 48406K, committed 50688K, reserved 1093632K
  class space    used 6118K, capacity 6538K, committed 6912K, reserved 1048576K
}
Event: 10173.862 GC heap before
{Heap before GC invocations=60 (full 12):
 PSYoungGen      total 193536K, used 193216K [0x00000000d6100000, 0x00000000ee800000, 0x0000000100000000)
  eden space 193024K, 100% used [0x00000000d6100000,0x00000000e1d80000,0x00000000e1d80000)
  from space 512K, 37% used [0x00000000ede00000,0x00000000ede30000,0x00000000ede80000)
  to   space 8704K, 0% used [0x00000000edf80000,0x00000000edf80000,0x00000000ee800000)
 ParOldGen       total 89088K, used 33224K [0x0000000082200000, 0x0000000087900000, 0x00000000d6100000)
  object space 89088K, 37% used [0x0000000082200000,0x0000000084272150,0x0000000087900000)
 Metaspace       used 46052K, capacity 48406K, committed 50688K, reserved 1093632K
  class space    used 6118K, capacity 6538K, committed 6912K, reserved 1048576K
Event: 10173.866 GC heap after
Heap after GC invocations=60 (full 12):
 PSYoungGen      total 186368K, used 160K [0x00000000d6100000, 0x00000000ee000000, 0x0000000100000000)
  eden space 185856K, 0% used [0x00000000d6100000,0x00000000d6100000,0x00000000e1680000)
  from space 512K, 31% used [0x00000000edf80000,0x00000000edfa8000,0x00000000ee000000)
  to   space 9216K, 0% used [0x00000000ece00000,0x00000000ece00000,0x00000000ed700000)
 ParOldGen       total 89088K, used 33232K [0x0000000082200000, 0x0000000087900000, 0x00000000d6100000)
  object space 89088K, 37% used [0x0000000082200000,0x0000000084274150,0x0000000087900000)
 Metaspace       used 46052K, capacity 48406K, committed 50688K, reserved 1093632K
  class space    used 6118K, capacity 6538K, committed 6912K, reserved 1048576K
}
Event: 10402.534 GC heap before
{Heap before GC invocations=61 (full 12):
 PSYoungGen      total 186368K, used 186016K [0x00000000d6100000, 0x00000000ee000000, 0x0000000100000000)
  eden space 185856K, 100% used [0x00000000d6100000,0x00000000e1680000,0x00000000e1680000)
  from space 512K, 31% used [0x00000000edf80000,0x00000000edfa8000,0x00000000ee000000)
  to   space 9216K, 0% used [0x00000000ece00000,0x00000000ece00000,0x00000000ed700000)
 ParOldGen       total 89088K, used 33232K [0x0000000082200000, 0x0000000087900000, 0x00000000d6100000)
  object space 89088K, 37% used [0x0000000082200000,0x0000000084274150,0x0000000087900000)
 Metaspace       used 46053K, capacity 48406K, committed 50688K, reserved 1093632K
  class space    used 6119K, capacity 6538K, committed 6912K, reserved 1048576K
Event: 10402.536 GC heap after
Heap after GC invocations=61 (full 12):
 PSYoungGen      total 188416K, used 384K [0x00000000d6100000, 0x00000000ee000000, 0x0000000100000000)
  eden space 179200K, 0% used [0x00000000d6100000,0x00000000d6100000,0x00000000e1000000)
  from space 9216K, 4% used [0x00000000ece00000,0x00000000ece60000,0x00000000ed700000)
  to   space 9216K, 0% used [0x00000000ed700000,0x00000000ed700000,0x00000000ee000000)
 ParOldGen       total 89088K, used 33256K [0x0000000082200000, 0x0000000087900000, 0x00000000d6100000)
  object space 89088K, 37% used [0x0000000082200000,0x000000008427a150,0x0000000087900000)
 Metaspace       used 46053K, capacity 48406K, committed 50688K, reserved 1093632K
  class space    used 6119K, capacity 6538K, committed 6912K, reserved 1048576K
}
Event: 10616.862 GC heap before
{Heap before GC invocations=62 (full 12):
 PSYoungGen      total 188416K, used 179584K [0x00000000d6100000, 0x00000000ee000000, 0x0000000100000000)
  eden space 179200K, 100% used [0x00000000d6100000,0x00000000e1000000,0x00000000e1000000)
  from space 9216K, 4% used [0x00000000ece00000,0x00000000ece60000,0x00000000ed700000)
  to   space 9216K, 0% used [0x00000000ed700000,0x00000000ed700000,0x00000000ee000000)
 ParOldGen       total 89088K, used 33256K [0x0000000082200000, 0x0000000087900000, 0x00000000d6100000)
  object space 89088K, 37% used [0x0000000082200000,0x000000008427a150,0x0000000087900000)
 Metaspace       used 46053K, capacity 48406K, committed 50688K, reserved 1093632K
  class space    used 6119K, capacity 6538K, committed 6912K, reserved 1048576K
Event: 10616.865 GC heap after
Heap after GC invocations=62 (full 12):
 PSYoungGen      total 173568K, used 368K [0x00000000d6100000, 0x00000000ed780000, 0x0000000100000000)
  eden space 173056K, 0% used [0x00000000d6100000,0x00000000d6100000,0x00000000e0a00000)
  from space 512K, 71% used [0x00000000ed700000,0x00000000ed75c010,0x00000000ed780000)
  to   space 9728K, 0% used [0x00000000ec480000,0x00000000ec480000,0x00000000ece00000)
 ParOldGen       total 89088K, used 33256K [0x0000000082200000, 0x0000000087900000, 0x00000000d6100000)
  object space 89088K, 37% used [0x0000000082200000,0x000000008427a150,0x0000000087900000)
 Metaspace       used 46053K, capacity 48406K, committed 50688K, reserved 1093632K
  class space    used 6119K, capacity 6538K, committed 6912K, reserved 1048576K
}

