# JRE version: Java(TM) SE Runtime Environment (8.0_91-b14) (build 1.8.0_91-b14)
# Java VM: Java HotSpot(TM) 64-Bit Server VM (25.91-b14 mixed mode windows-amd64 compressed oops)
Heap:
 PSYoungGen      total 86016K, used 72625K [0x00000000d6100000, 0x00000000dbc00000, 0x0000000100000000)
  eden space 79360K, 87% used [0x00000000d6100000,0x00000000da51c768,0x00000000dae80000)
  from space 6656K, 43% used [0x00000000db480000,0x00000000db750000,0x00000000dbb00000)
  to   space 6144K, 0% used [0x00000000dae80000,0x00000000dae80000,0x00000000db480000)
 ParOldGen       total 143872K, used 44568K [0x0000000082200000, 0x000000008ae80000, 0x00000000d6100000)
  object space 143872K, 30% used [0x0000000082200000,0x0000000084d86238,0x000000008ae80000)
 Metaspace       used 58272K, capacity 63406K, committed 63616K, reserved 1103872K
  class space    used 8115K, capacity 9763K, committed 9856K, reserved 1048576K
GC Heap History (10 events):
Event: 10741.432 GC heap before
{Heap before GC invocations=975 (full 35):
 PSYoungGen      total 86528K, used 86112K [0x00000000d6100000, 0x00000000dc200000, 0x0000000100000000)
  eden space 84992K, 100% used [0x00000000d6100000,0x00000000db400000,0x00000000db400000)
  from space 1536K, 72% used [0x00000000db580000,0x00000000db698000,0x00000000db700000)
  to   space 7168K, 0% used [0x00000000dbb00000,0x00000000dbb00000,0x00000000dc200000)
 ParOldGen       total 143872K, used 44528K [0x0000000082200000, 0x000000008ae80000, 0x00000000d6100000)
  object space 143872K, 30% used [0x0000000082200000,0x0000000084d7c238,0x000000008ae80000)
 Metaspace       used 58272K, capacity 63406K, committed 63616K, reserved 1103872K
  class space    used 8115K, capacity 9763K, committed 9856K, reserved 1048576K
Event: 10741.435 GC heap after
Heap after GC invocations=975 (full 35):
 PSYoungGen      total 89088K, used 1120K [0x00000000d6100000, 0x00000000dc080000, 0x0000000100000000)
  eden space 83456K, 0% used [0x00000000d6100000,0x00000000d6100000,0x00000000db280000)
  from space 5632K, 19% used [0x00000000dbb00000,0x00000000dbc18000,0x00000000dc080000)
  to   space 7168K, 0% used [0x00000000db280000,0x00000000db280000,0x00000000db980000)
 ParOldGen       total 143872K, used 44560K [0x0000000082200000, 0x000000008ae80000, 0x00000000d6100000)
  object space 143872K, 30% used [0x0000000082200000,0x0000000084d84238,0x000000008ae80000)
 Metaspace       used 58272K, capacity 63406K, committed 63616K, reserved 1103872K
  class space    used 8115K, capacity 9763K, committed 9856K, reserved 1048576K
}
Event: 10744.519 GC heap before
{Heap before GC invocations=976 (full 35):
 PSYoungGen      total 89088K, used 84576K [0x00000000d6100000, 0x00000000dc080000, 0x0000000100000000)
  eden space 83456K, 100% used [0x00000000d6100000,0x00000000db280000,0x00000000db280000)
  from space 5632K, 19% used [0x00000000dbb00000,0x00000000dbc18000,0x00000000dc080000)
  to   space 7168K, 0% used [0x00000000db280000,0x00000000db280000,0x00000000db980000)
 ParOldGen       total 143872K, used 44560K [0x0000000082200000, 0x000000008ae80000, 0x00000000d6100000)
  object space 143872K, 30% used [0x0000000082200000,0x0000000084d84238,0x000000008ae80000)
 Metaspace       used 58272K, capacity 63406K, committed 63616K, reserved 1103872K
  class space    used 8115K, capacity 9763K, committed 9856K, reserved 1048576K
Event: 10744.522 GC heap after
Heap after GC invocations=976 (full 35):
 PSYoungGen      total 83456K, used 1056K [0x00000000d6100000, 0x00000000dbf00000, 0x0000000100000000)
  eden space 81920K, 0% used [0x00000000d6100000,0x00000000d6100000,0x00000000db100000)
  from space 1536K, 68% used [0x00000000db280000,0x00000000db388000,0x00000000db400000)
  to   space 7168K, 0% used [0x00000000db800000,0x00000000db800000,0x00000000dbf00000)
 ParOldGen       total 143872K, used 44560K [0x0000000082200000, 0x000000008ae80000, 0x00000000d6100000)
  object space 143872K, 30% used [0x0000000082200000,0x0000000084d84238,0x000000008ae80000)
 Metaspace       used 58272K, capacity 63406K, committed 63616K, reserved 1103872K
  class space    used 8115K, capacity 9763K, committed 9856K, reserved 1048576K
}
Event: 10747.574 GC heap before
{Heap before GC invocations=977 (full 35):
 PSYoungGen      total 83456K, used 82976K [0x00000000d6100000, 0x00000000dbf00000, 0x0000000100000000)
  eden space 81920K, 100% used [0x00000000d6100000,0x00000000db100000,0x00000000db100000)
  from space 1536K, 68% used [0x00000000db280000,0x00000000db388000,0x00000000db400000)
  to   space 7168K, 0% used [0x00000000db800000,0x00000000db800000,0x00000000dbf00000)
 ParOldGen       total 143872K, used 44560K [0x0000000082200000, 0x000000008ae80000, 0x00000000d6100000)
  object space 143872K, 30% used [0x0000000082200000,0x0000000084d84238,0x000000008ae80000)
 Metaspace       used 58272K, capacity 63406K, committed 63616K, reserved 1103872K
  class space    used 8115K, capacity 9763K, committed 9856K, reserved 1048576K
Event: 10747.577 GC heap after
Heap after GC invocations=977 (full 35):
 PSYoungGen      total 84992K, used 1664K [0x00000000d6100000, 0x00000000dbc80000, 0x0000000100000000)
  eden space 80384K, 0% used [0x00000000d6100000,0x00000000d6100000,0x00000000daf80000)
  from space 4608K, 36% used [0x00000000db800000,0x00000000db9a0000,0x00000000dbc80000)
  to   space 6656K, 0% used [0x00000000daf80000,0x00000000daf80000,0x00000000db600000)
 ParOldGen       total 143872K, used 44560K [0x0000000082200000, 0x000000008ae80000, 0x00000000d6100000)
  object space 143872K, 30% used [0x0000000082200000,0x0000000084d84238,0x000000008ae80000)
 Metaspace       used 58272K, capacity 63406K, committed 63616K, reserved 1103872K
  class space    used 8115K, capacity 9763K, committed 9856K, reserved 1048576K
}
Event: 10750.505 GC heap before
{Heap before GC invocations=978 (full 35):
 PSYoungGen      total 84992K, used 82048K [0x00000000d6100000, 0x00000000dbc80000, 0x0000000100000000)
  eden space 80384K, 100% used [0x00000000d6100000,0x00000000daf80000,0x00000000daf80000)
  from space 4608K, 36% used [0x00000000db800000,0x00000000db9a0000,0x00000000dbc80000)
  to   space 6656K, 0% used [0x00000000daf80000,0x00000000daf80000,0x00000000db600000)
 ParOldGen       total 143872K, used 44560K [0x0000000082200000, 0x000000008ae80000, 0x00000000d6100000)
  object space 143872K, 30% used [0x0000000082200000,0x0000000084d84238,0x000000008ae80000)
 Metaspace       used 58272K, capacity 63406K, committed 63616K, reserved 1103872K
  class space    used 8115K, capacity 9763K, committed 9856K, reserved 1048576K
Event: 10750.509 GC heap after
Heap after GC invocations=978 (full 35):
 PSYoungGen      total 82432K, used 3168K [0x00000000d6100000, 0x00000000dbb00000, 0x0000000100000000)
  eden space 78848K, 0% used [0x00000000d6100000,0x00000000d6100000,0x00000000dae00000)
  from space 3584K, 88% used [0x00000000daf80000,0x00000000db298000,0x00000000db300000)
  to   space 6656K, 0% used [0x00000000db480000,0x00000000db480000,0x00000000dbb00000)
 ParOldGen       total 143872K, used 44568K [0x0000000082200000, 0x000000008ae80000, 0x00000000d6100000)
  object space 143872K, 30% used [0x0000000082200000,0x0000000084d86238,0x000000008ae80000)
 Metaspace       used 58272K, capacity 63406K, committed 63616K, reserved 1103872K
  class space    used 8115K, capacity 9763K, committed 9856K, reserved 1048576K
}
Event: 10753.528 GC heap before
{Heap before GC invocations=979 (full 35):
 PSYoungGen      total 82432K, used 82016K [0x00000000d6100000, 0x00000000dbb00000, 0x0000000100000000)
  eden space 78848K, 100% used [0x00000000d6100000,0x00000000dae00000,0x00000000dae00000)
  from space 3584K, 88% used [0x00000000daf80000,0x00000000db298000,0x00000000db300000)
  to   space 6656K, 0% used [0x00000000db480000,0x00000000db480000,0x00000000dbb00000)
 ParOldGen       total 143872K, used 44568K [0x0000000082200000, 0x000000008ae80000, 0x00000000d6100000)
  object space 143872K, 30% used [0x0000000082200000,0x0000000084d86238,0x000000008ae80000)
 Metaspace       used 58272K, capacity 63406K, committed 63616K, reserved 1103872K
  class space    used 8115K, capacity 9763K, committed 9856K, reserved 1048576K
Event: 10753.531 GC heap after
Heap after GC invocations=979 (full 35):
 PSYoungGen      total 86016K, used 2880K [0x00000000d6100000, 0x00000000dbc00000, 0x0000000100000000)
  eden space 79360K, 0% used [0x00000000d6100000,0x00000000d6100000,0x00000000dae80000)
  from space 6656K, 43% used [0x00000000db480000,0x00000000db750000,0x00000000dbb00000)
  to   space 6144K, 0% used [0x00000000dae80000,0x00000000dae80000,0x00000000db480000)
 ParOldGen       total 143872K, used 44568K [0x0000000082200000, 0x000000008ae80000, 0x00000000d6100000)
  object space 143872K, 30% used [0x0000000082200000,0x0000000084d86238,0x000000008ae80000)
 Metaspace       used 58272K, capacity 63406K, committed 63616K, reserved 1103872K
  class space    used 8115K, capacity 9763K, committed 9856K, reserved 1048576K
}

